TN:
SF:src\App.tsx
FN:13,App
FNF:1
FNH:0
FNDA:0,App
DA:14,0
LF:1
LH:0
BRF:0
BRH:0
end_of_record
TN:
SF:src\api\client.ts
FN:11,(anonymous_0)
FN:12,(anonymous_1)
FNF:2
FNH:0
FNDA:0,(anonymous_0)
FNDA:0,(anonymous_1)
DA:4,0
DA:6,0
DA:11,0
DA:12,0
DA:14,0
DA:16,0
LF:6
LH:0
BRDA:4,0,0,0
BRDA:4,0,1,0
BRF:2
BRH:0
end_of_record
TN:
SF:src\api\dashboard.ts
FN:3,getDashboard
FNF:1
FNH:1
FNDA:1,getDashboard
DA:4,1
DA:6,1
LF:2
LH:2
BRF:0
BRH:0
end_of_record
TN:
SF:src\api\datasets.ts
FN:22,getDatasets
FN:32,uploadDataset
FN:49,getDatasetProfile
FNF:3
FNH:3
FNDA:1,getDatasets
FNDA:1,uploadDataset
FNDA:1,getDatasetProfile
DA:25,1
DA:29,1
DA:38,1
DA:40,1
DA:41,1
DA:42,1
DA:44,1
DA:46,1
DA:50,1
DA:52,1
LF:10
LH:10
BRF:0
BRH:0
end_of_record
TN:
SF:src\api\errors.ts
FN:11,getErrorMessage
FN:20,(anonymous_1)
FN:23,(anonymous_2)
FN:33,isRecord
FN:37,readDetail
FNF:5
FNH:5
FNDA:27,getErrorMessage
FNDA:7,(anonymous_1)
FNDA:7,(anonymous_2)
FNDA:73,isRecord
FNDA:27,readDetail
DA:12,27
DA:14,27
DA:15,9
DA:18,18
DA:19,4
DA:21,7
DA:23,7
DA:25,4
DA:26,3
DA:30,15
DA:34,73
DA:38,27
DA:39,3
DA:42,24
DA:44,24
DA:45,9
DA:48,15
DA:50,15
DA:51,0
DA:54,15
LF:20
LH:19
BRDA:14,0,0,9
BRDA:14,0,1,18
BRDA:14,1,0,27
BRDA:14,1,1,10
BRDA:18,2,0,4
BRDA:18,2,1,14
BRDA:21,3,0,4
BRDA:21,3,1,3
BRDA:21,4,0,7
BRDA:21,4,1,6
BRDA:25,5,0,3
BRDA:25,5,1,1
BRDA:34,6,0,73
BRDA:34,6,1,61
BRDA:38,7,0,3
BRDA:38,7,1,24
BRDA:44,8,0,9
BRDA:44,8,1,15
BRDA:50,9,0,0
BRDA:50,9,1,15
BRF:20
BRH:19
end_of_record
TN:
SF:src\api\healthChecks.ts
FN:66,runHealthCheck
FN:81,getLatestHealthCheck
FN:91,getDiagnosisReport
FNF:3
FNH:3
FNDA:1,runHealthCheck
FNDA:1,getLatestHealthCheck
FNDA:1,getDiagnosisReport
DA:72,1
DA:78,1
DA:84,1
DA:88,1
DA:94,1
DA:98,1
LF:6
LH:6
BRF:0
BRH:0
end_of_record
TN:
SF:src\api\jobs.ts
FN:31,getJobs
FN:40,queueHealthCheck
FNF:2
FNH:2
FNDA:1,getJobs
FNDA:1,queueHealthCheck
DA:32,1
DA:37,1
DA:41,1
DA:50,1
LF:4
LH:4
BRF:0
BRH:0
end_of_record
TN:
SF:src\api\models.ts
FN:34,getModels
FN:44,registerModel
FNF:2
FNH:2
FNDA:1,getModels
FNDA:1,registerModel
DA:37,1
DA:41,1
DA:48,1
DA:53,1
LF:4
LH:4
BRF:0
BRH:0
end_of_record
TN:
SF:src\api\predictions.ts
FN:17,getPredictionBatches
FN:26,uploadPredictionBatch
FNF:2
FNH:2
FNDA:1,getPredictionBatches
FNDA:1,uploadPredictionBatch
DA:18,1
DA:23,1
DA:31,1
DA:33,1
DA:34,1
DA:36,1
DA:41,1
LF:7
LH:7
BRF:0
BRH:0
end_of_record
TN:
SF:src\api\projects.ts
FN:9,getProjects
FN:15,getProject
FN:21,createProject
FNF:3
FNH:3
FNDA:1,getProjects
FNDA:1,getProject
FNDA:1,createProject
DA:10,1
DA:12,1
DA:16,1
DA:18,1
DA:24,1
DA:26,1
LF:6
LH:6
BRF:0
BRH:0
end_of_record
TN:
SF:src\components\DriftChart.tsx
FN:7,DriftChart
FN:8,(anonymous_1)
FNF:2
FNH:0
FNDA:0,DriftChart
FNDA:0,(anonymous_1)
DA:8,0
DA:13,0
LF:2
LH:0
BRF:0
BRH:0
end_of_record
TN:
SF:src\components\HealthGauge.tsx
FN:5,HealthGauge
FNF:1
FNH:1
FNDA:7,HealthGauge
DA:6,7
DA:8,7
DA:9,0
DA:10,7
DA:11,6
DA:14,7
LF:6
LH:5
BRDA:8,0,0,0
BRDA:8,0,1,7
BRDA:10,1,0,6
BRDA:10,1,1,1
BRF:4
BRH:3
end_of_record
TN:
SF:src\components\RecentJobsTable.tsx
FN:16,RecentJobsTable
FN:28,(anonymous_1)
FNF:2
FNH:2
FNDA:7,RecentJobsTable
FNDA:7,(anonymous_1)
DA:17,7
DA:29,7
LF:2
LH:2
BRF:0
BRH:0
end_of_record
TN:
SF:src\components\StatCard.tsx
FN:6,StatCard
FNF:1
FNH:1
FNDA:28,StatCard
DA:7,28
LF:1
LH:1
BRF:0
BRH:0
end_of_record
TN:
SF:src\hooks\useFormState.ts
FN:11,useFormState
FN:18,(anonymous_1)
FN:20,(anonymous_2)
FN:25,(anonymous_3)
FNF:4
FNH:4
FNDA:401,useFormState
FNDA:316,(anonymous_1)
FNDA:316,(anonymous_2)
FNDA:9,(anonymous_3)
DA:12,401
DA:16,401
DA:18,401
DA:20,316
DA:25,401
DA:26,9
DA:29,401
LF:7
LH:7
BRF:0
BRH:0
end_of_record
TN:
SF:src\layouts\AppLayout.tsx
FN:54,AppLayout
FN:61,(anonymous_1)
FN:76,(anonymous_2)
FN:84,(anonymous_3)
FN:92,(anonymous_4)
FN:93,(anonymous_5)
FN:108,(anonymous_6)
FNF:7
FNH:0
FNDA:0,AppLayout
FNDA:0,(anonymous_1)
FNDA:0,(anonymous_2)
FNDA:0,(anonymous_3)
FNDA:0,(anonymous_4)
FNDA:0,(anonymous_5)
FNDA:0,(anonymous_6)
DA:15,0
DA:55,0
DA:57,0
DA:61,0
DA:76,0
DA:85,0
DA:87,0
DA:92,0
DA:94,0
DA:108,0
LF:10
LH:0
BRDA:67,0,0,0
BRDA:67,0,1,0
BRDA:94,1,0,0
BRDA:94,1,1,0
BRDA:105,2,0,0
BRDA:105,2,1,0
BRF:6
BRH:0
end_of_record
TN:
SF:src\pages\DashboardPage.tsx
FN:36,DashboardPage
FN:40,(anonymous_1)
FN:42,(anonymous_2)
FN:45,(anonymous_3)
FNF:4
FNH:4
FNDA:17,DashboardPage
FNDA:9,(anonymous_1)
FNDA:7,(anonymous_2)
FNDA:1,(anonymous_3)
DA:37,17
DA:38,17
DA:40,17
DA:41,9
DA:43,7
DA:46,1
DA:52,17
DA:53,1
DA:61,16
DA:62,9
DA:65,7
DA:67,7
LF:12
LH:12
BRDA:52,0,0,1
BRDA:52,0,1,16
BRDA:61,1,0,9
BRDA:61,1,1,7
BRDA:92,2,0,7
BRDA:92,2,1,1
BRDA:96,3,0,17
BRDA:96,3,1,1
BRDA:99,4,0,17
BRDA:99,4,1,1
BRDA:103,5,0,1
BRDA:103,5,1,6
BRDA:103,6,0,17
BRDA:103,6,1,7
BRDA:106,7,0,5
BRDA:106,7,1,1
BRDA:128,8,0,17
BRDA:128,8,1,1
BRF:18
BRH:18
end_of_record
TN:
SF:src\pages\DatasetsPage.tsx
FN:10,DatasetsPage
FN:19,loadDatasets
FN:28,(anonymous_2)
FN:32,handleUpload
FN:75,(anonymous_4)
FN:89,(anonymous_5)
FN:99,(anonymous_6)
FN:126,(anonymous_7)
FNF:8
FNH:8
FNDA:31,DatasetsPage
FNDA:12,loadDatasets
FNDA:9,(anonymous_2)
FNDA:6,handleUpload
FNDA:1,(anonymous_4)
FNDA:1,(anonymous_5)
FNDA:5,(anonymous_6)
FNDA:1,(anonymous_7)
DA:8,1
DA:11,31
DA:12,31
DA:13,31
DA:14,31
DA:15,31
DA:16,31
DA:17,31
DA:20,12
DA:21,12
DA:22,11
DA:24,1
DA:28,31
DA:29,9
DA:33,6
DA:35,6
DA:36,1
DA:37,1
DA:40,5
DA:41,5
DA:42,5
DA:43,5
DA:45,5
DA:47,3
DA:48,3
DA:49,3
DA:51,2
DA:53,5
DA:57,31
DA:75,1
DA:89,1
DA:99,5
DA:127,1
LF:33
LH:33
BRDA:35,0,0,1
BRDA:35,0,1,5
BRDA:64,1,0,31
BRDA:64,1,1,5
BRDA:65,2,0,31
BRDA:65,2,1,3
BRDA:99,3,0,5
BRDA:99,3,1,0
BRDA:104,4,0,5
BRDA:104,4,1,26
BRF:10
BRH:9
end_of_record
TN:
SF:src\pages\HealthChecksPage.tsx
FN:14,HealthChecksPage
FN:20,loadLatestHealth
FN:32,(anonymous_2)
FN:36,handleRunHealthCheck
FN:107,(anonymous_4)
FN:150,(anonymous_5)
FN:160,(anonymous_6)
FN:170,MetricCard
FN:179,formatLabel
FN:182,(anonymous_9)
FNF:10
FNH:10
FNDA:34,HealthChecksPage
FNDA:12,loadLatestHealth
FNDA:12,(anonymous_2)
FNDA:5,handleRunHealthCheck
FNDA:18,(anonymous_4)
FNDA:9,(anonymous_5)
FNDA:9,(anonymous_6)
FNDA:45,MetricCard
FNDA:18,formatLabel
FNDA:36,(anonymous_9)
DA:12,1
DA:15,34
DA:16,34
DA:17,34
DA:18,34
DA:21,12
DA:22,12
DA:23,6
DA:25,6
DA:26,6
DA:28,6
DA:32,34
DA:33,12
DA:37,5
DA:38,5
DA:39,5
DA:41,5
DA:43,3
DA:44,3
DA:46,2
DA:48,5
DA:52,34
DA:109,18
DA:151,9
DA:161,9
DA:171,45
DA:180,18
DA:182,36
LF:28
LH:28
BRDA:65,0,0,5
BRDA:65,0,1,29
BRDA:69,1,0,34
BRDA:69,1,1,8
BRDA:71,2,0,34
BRDA:71,2,1,9
BRDA:81,3,0,9
BRDA:81,3,1,1
BRDA:86,4,0,9
BRDA:86,4,1,1
BRDA:91,5,0,9
BRDA:91,5,1,0
BRDA:99,6,0,9
BRDA:99,6,1,1
BRDA:129,7,0,34
BRDA:129,7,1,9
BRDA:144,8,0,8
BRDA:144,8,1,1
BRF:18
BRH:17
end_of_record
TN:
SF:src\pages\JobsPage.tsx
FN:10,JobsPage
FN:15,loadJobs
FN:24,(anonymous_2)
FN:27,(anonymous_3)
FN:31,(anonymous_4)
FN:34,handleQueueJob
FN:87,(anonymous_6)
FNF:7
FNH:7
FNDA:28,JobsPage
FNDA:13,loadJobs
FNDA:10,(anonymous_2)
FNDA:1,(anonymous_3)
FNDA:10,(anonymous_4)
FNDA:4,handleQueueJob
FNDA:4,(anonymous_6)
DA:8,1
DA:11,28
DA:12,28
DA:13,28
DA:16,13
DA:17,13
DA:18,12
DA:20,1
DA:24,28
DA:25,10
DA:27,10
DA:28,1
DA:31,10
DA:35,4
DA:36,4
DA:37,4
DA:39,4
DA:40,2
DA:42,2
DA:49,4
DA:53,28
DA:88,4
LF:22
LH:22
BRDA:66,0,0,4
BRDA:66,0,1,24
BRDA:70,1,0,28
BRDA:70,1,1,3
BRDA:96,2,0,4
BRDA:96,2,1,2
BRDA:97,3,0,4
BRDA:97,3,1,3
BRF:8
BRH:8
end_of_record
TN:
SF:src\pages\ModelsPage.tsx
FN:27,ModelsPage
FN:39,loadModels
FN:56,(anonymous_2)
FN:60,updateMetric
FN:61,(anonymous_4)
FN:70,handleSubmit
FN:79,(anonymous_6)
FN:112,(anonymous_7)
FN:121,(anonymous_8)
FN:130,(anonymous_9)
FN:139,(anonymous_10)
FN:143,(anonymous_11)
FN:152,(anonymous_12)
FN:161,(anonymous_13)
FN:195,(anonymous_14)
FNF:15
FNH:13
FNDA:206,ModelsPage
FNDA:13,loadModels
FNDA:13,(anonymous_2)
FNDA:3,updateMetric
FNDA:3,(anonymous_4)
FNDA:7,handleSubmit
FNDA:4,(anonymous_6)
FNDA:112,(anonymous_7)
FNDA:0,(anonymous_8)
FNDA:49,(anonymous_9)
FNDA:0,(anonymous_10)
FNDA:824,(anonymous_11)
FNDA:3,(anonymous_12)
FNDA:2,(anonymous_13)
FNDA:33,(anonymous_14)
DA:9,1
DA:11,1
DA:28,206
DA:34,206
DA:35,206
DA:36,206
DA:37,206
DA:40,13
DA:41,13
DA:42,13
DA:44,13
DA:46,11
DA:48,2
DA:52,13
DA:56,206
DA:57,13
DA:61,3
DA:71,7
DA:73,7
DA:74,7
DA:75,7
DA:77,7
DA:79,4
DA:81,4
DA:82,4
DA:84,3
DA:93,206
DA:112,112
DA:121,0
DA:130,49
DA:139,0
DA:144,824
DA:152,3
DA:162,2
DA:196,33
LF:35
LH:33
BRDA:100,0,0,206
BRDA:100,0,1,5
BRDA:101,1,0,206
BRDA:101,1,1,4
BRDA:151,2,0,824
BRDA:151,2,1,0
BRDA:160,3,0,206
BRDA:160,3,1,205
BRDA:162,4,0,2
BRDA:162,4,1,1
BRDA:177,5,0,13
BRDA:177,5,1,193
BRDA:202,6,0,33
BRDA:202,6,1,1
BRF:14
BRH:13
end_of_record
TN:
SF:src\pages\PredictionBatchesPage.tsx
FN:13,PredictionBatchesPage
FN:20,loadBatches
FN:30,(anonymous_2)
FN:34,handleUpload
FN:76,(anonymous_4)
FN:88,(anonymous_5)
FN:115,(anonymous_6)
FNF:7
FNH:7
FNDA:32,PredictionBatchesPage
FNDA:13,loadBatches
FNDA:10,(anonymous_2)
FNDA:6,handleUpload
FNDA:1,(anonymous_4)
FNDA:5,(anonymous_5)
FNDA:2,(anonymous_6)
DA:11,1
DA:14,32
DA:15,32
DA:16,32
DA:17,32
DA:18,32
DA:21,13
DA:22,13
DA:24,12
DA:26,1
DA:30,32
DA:31,10
DA:35,6
DA:37,6
DA:38,1
DA:39,1
DA:42,5
DA:43,5
DA:44,5
DA:46,5
DA:48,3
DA:49,3
DA:50,3
DA:52,2
DA:56,32
DA:77,1
DA:88,5
DA:116,2
LF:28
LH:28
BRDA:37,0,0,1
BRDA:37,0,1,5
BRDA:63,1,0,32
BRDA:63,1,1,5
BRDA:64,2,0,32
BRDA:64,2,1,3
BRDA:88,3,0,5
BRDA:88,3,1,0
BRDA:121,4,0,1
BRDA:121,4,1,1
BRF:10
BRH:9
end_of_record
TN:
SF:src\pages\ProjectsPage.tsx
FN:23,ProjectsPage
FN:35,loadProjects
FN:55,(anonymous_2)
FN:59,handleSubmit
FN:76,(anonymous_4)
FN:114,(anonymous_5)
FN:122,(anonymous_6)
FN:141,(anonymous_7)
FN:151,(anonymous_8)
FN:161,(anonymous_9)
FN:177,(anonymous_10)
FN:185,(anonymous_11)
FN:211,(anonymous_12)
FNF:13
FNH:9
FNDA:179,ProjectsPage
FNDA:11,loadProjects
FNDA:11,(anonymous_2)
FNDA:6,handleSubmit
FNDA:4,(anonymous_4)
FNDA:96,(anonymous_5)
FNDA:0,(anonymous_6)
FNDA:48,(anonymous_7)
FNDA:1,(anonymous_8)
FNDA:0,(anonymous_9)
FNDA:0,(anonymous_10)
FNDA:0,(anonymous_11)
FNDA:33,(anonymous_12)
DA:13,1
DA:24,179
DA:29,179
DA:30,179
DA:31,179
DA:32,179
DA:33,179
DA:36,11
DA:37,11
DA:38,11
DA:40,11
DA:42,9
DA:44,2
DA:51,11
DA:55,179
DA:56,11
DA:60,6
DA:62,6
DA:63,6
DA:64,6
DA:65,6
DA:67,6
DA:74,6
DA:76,4
DA:78,4
DA:80,4
DA:84,2
DA:88,6
DA:92,179
DA:114,96
DA:123,0
DA:142,48
DA:152,1
DA:162,0
DA:177,0
DA:186,0
DA:212,33
LF:37
LH:33
BRDA:69,0,0,6
BRDA:69,0,1,6
BRDA:70,1,0,6
BRDA:70,1,1,1
BRDA:71,2,0,6
BRDA:71,2,1,6
BRDA:100,3,0,179
BRDA:100,3,1,4
BRDA:102,4,0,179
BRDA:102,4,1,4
BRDA:150,5,0,179
BRDA:150,5,1,0
BRDA:176,6,0,179
BRDA:176,6,1,0
BRDA:184,7,0,179
BRDA:184,7,1,0
BRDA:197,8,0,6
BRDA:197,8,1,173
BRDA:205,9,0,11
BRDA:205,9,1,168
BRDA:207,10,0,136
BRDA:207,10,1,32
BRDA:216,11,0,33
BRDA:216,11,1,1
BRDA:233,12,0,33
BRDA:233,12,1,1
BRF:26
BRH:23
end_of_record
